WARNING:From /home/student/Documents/Qiyuan/tf2py2/lib/python2.7/site-packages/tensorflow_core/python/compat/v2_compat.py:65: disable_resource_variables (from tensorflow.python.ops.variable_scope) is deprecated and will be removed in a future version.
Instructions for updating:
non-resource variables are not supported in the long term
2020-10-16 10:24:20.081233: I tensorflow/stream_executor/platform/default/dso_loader.cc:44] Successfully opened dynamic library libcuda.so.1
2020-10-16 10:24:20.127711: I tensorflow/core/common_runtime/gpu/gpu_device.cc:1618] Found device 0 with properties: 
name: Quadro P6000 major: 6 minor: 1 memoryClockRate(GHz): 1.645
pciBusID: 0000:03:00.0
2020-10-16 10:24:20.128988: I tensorflow/core/common_runtime/gpu/gpu_device.cc:1618] Found device 1 with properties: 
name: Quadro P6000 major: 6 minor: 1 memoryClockRate(GHz): 1.645
pciBusID: 0000:04:00.0
2020-10-16 10:24:20.129183: I tensorflow/stream_executor/platform/default/dso_loader.cc:44] Successfully opened dynamic library libcudart.so.10.0
2020-10-16 10:24:20.130279: I tensorflow/stream_executor/platform/default/dso_loader.cc:44] Successfully opened dynamic library libcublas.so.10.0
2020-10-16 10:24:20.131244: I tensorflow/stream_executor/platform/default/dso_loader.cc:44] Successfully opened dynamic library libcufft.so.10.0
2020-10-16 10:24:20.131457: I tensorflow/stream_executor/platform/default/dso_loader.cc:44] Successfully opened dynamic library libcurand.so.10.0
2020-10-16 10:24:20.132730: I tensorflow/stream_executor/platform/default/dso_loader.cc:44] Successfully opened dynamic library libcusolver.so.10.0
2020-10-16 10:24:20.133701: I tensorflow/stream_executor/platform/default/dso_loader.cc:44] Successfully opened dynamic library libcusparse.so.10.0
2020-10-16 10:24:20.136557: I tensorflow/stream_executor/platform/default/dso_loader.cc:44] Successfully opened dynamic library libcudnn.so.7
2020-10-16 10:24:20.141534: I tensorflow/core/common_runtime/gpu/gpu_device.cc:1746] Adding visible gpu devices: 0, 1
2020-10-16 10:24:20.141906: I tensorflow/core/platform/cpu_feature_guard.cc:142] Your CPU supports instructions that this TensorFlow binary was not compiled to use: AVX2 FMA
2020-10-16 10:24:20.166865: I tensorflow/core/platform/profile_utils/cpu_utils.cc:94] CPU Frequency: 3192925000 Hz
2020-10-16 10:24:20.168669: I tensorflow/compiler/xla/service/service.cc:168] XLA service 0x5601cac9a610 executing computations on platform Host. Devices:
2020-10-16 10:24:20.168694: I tensorflow/compiler/xla/service/service.cc:175]   StreamExecutor device (0): Host, Default Version
2020-10-16 10:24:20.379439: I tensorflow/compiler/xla/service/service.cc:168] XLA service 0x5601cacfc9f0 executing computations on platform CUDA. Devices:
2020-10-16 10:24:20.379501: I tensorflow/compiler/xla/service/service.cc:175]   StreamExecutor device (0): Quadro P6000, Compute Capability 6.1
2020-10-16 10:24:20.379511: I tensorflow/compiler/xla/service/service.cc:175]   StreamExecutor device (1): Quadro P6000, Compute Capability 6.1
2020-10-16 10:24:20.384971: I tensorflow/core/common_runtime/gpu/gpu_device.cc:1618] Found device 0 with properties: 
name: Quadro P6000 major: 6 minor: 1 memoryClockRate(GHz): 1.645
pciBusID: 0000:03:00.0
2020-10-16 10:24:20.386759: I tensorflow/core/common_runtime/gpu/gpu_device.cc:1618] Found device 1 with properties: 
name: Quadro P6000 major: 6 minor: 1 memoryClockRate(GHz): 1.645
pciBusID: 0000:04:00.0
2020-10-16 10:24:20.386818: I tensorflow/stream_executor/platform/default/dso_loader.cc:44] Successfully opened dynamic library libcudart.so.10.0
2020-10-16 10:24:20.386840: I tensorflow/stream_executor/platform/default/dso_loader.cc:44] Successfully opened dynamic library libcublas.so.10.0
2020-10-16 10:24:20.386858: I tensorflow/stream_executor/platform/default/dso_loader.cc:44] Successfully opened dynamic library libcufft.so.10.0
2020-10-16 10:24:20.386874: I tensorflow/stream_executor/platform/default/dso_loader.cc:44] Successfully opened dynamic library libcurand.so.10.0
2020-10-16 10:24:20.386891: I tensorflow/stream_executor/platform/default/dso_loader.cc:44] Successfully opened dynamic library libcusolver.so.10.0
2020-10-16 10:24:20.386925: I tensorflow/stream_executor/platform/default/dso_loader.cc:44] Successfully opened dynamic library libcusparse.so.10.0
2020-10-16 10:24:20.386945: I tensorflow/stream_executor/platform/default/dso_loader.cc:44] Successfully opened dynamic library libcudnn.so.7
2020-10-16 10:24:20.392834: I tensorflow/core/common_runtime/gpu/gpu_device.cc:1746] Adding visible gpu devices: 0, 1
2020-10-16 10:24:20.392885: I tensorflow/stream_executor/platform/default/dso_loader.cc:44] Successfully opened dynamic library libcudart.so.10.0
2020-10-16 10:24:20.395281: I tensorflow/core/common_runtime/gpu/gpu_device.cc:1159] Device interconnect StreamExecutor with strength 1 edge matrix:
2020-10-16 10:24:20.395304: I tensorflow/core/common_runtime/gpu/gpu_device.cc:1165]      0 1 
2020-10-16 10:24:20.395310: I tensorflow/core/common_runtime/gpu/gpu_device.cc:1178] 0:   N Y 
2020-10-16 10:24:20.395314: I tensorflow/core/common_runtime/gpu/gpu_device.cc:1178] 1:   Y N 
2020-10-16 10:24:20.398432: I tensorflow/core/common_runtime/gpu/gpu_device.cc:1304] Created TensorFlow device (/job:localhost/replica:0/task:0/device:GPU:0 with 23067 MB memory) -> physical GPU (device: 0, name: Quadro P6000, pci bus id: 0000:03:00.0, compute capability: 6.1)
2020-10-16 10:24:20.400003: I tensorflow/core/common_runtime/gpu/gpu_device.cc:1304] Created TensorFlow device (/job:localhost/replica:0/task:0/device:GPU:1 with 22878 MB memory) -> physical GPU (device: 1, name: Quadro P6000, pci bus id: 0000:04:00.0, compute capability: 6.1)
2020-10-16 10:24:29.342718: I tensorflow/stream_executor/platform/default/dso_loader.cc:44] Successfully opened dynamic library libcublas.so.10.0
2020-10-16 10:30:05.483171: I tensorflow/core/common_runtime/gpu/gpu_device.cc:1618] Found device 0 with properties: 
name: Quadro P6000 major: 6 minor: 1 memoryClockRate(GHz): 1.645
pciBusID: 0000:03:00.0
2020-10-16 10:30:05.484455: I tensorflow/core/common_runtime/gpu/gpu_device.cc:1618] Found device 1 with properties: 
name: Quadro P6000 major: 6 minor: 1 memoryClockRate(GHz): 1.645
pciBusID: 0000:04:00.0
2020-10-16 10:30:05.485037: I tensorflow/stream_executor/platform/default/dso_loader.cc:44] Successfully opened dynamic library libcudart.so.10.0
2020-10-16 10:30:05.485072: I tensorflow/stream_executor/platform/default/dso_loader.cc:44] Successfully opened dynamic library libcublas.so.10.0
2020-10-16 10:30:05.485095: I tensorflow/stream_executor/platform/default/dso_loader.cc:44] Successfully opened dynamic library libcufft.so.10.0
2020-10-16 10:30:05.485117: I tensorflow/stream_executor/platform/default/dso_loader.cc:44] Successfully opened dynamic library libcurand.so.10.0
2020-10-16 10:30:05.485132: I tensorflow/stream_executor/platform/default/dso_loader.cc:44] Successfully opened dynamic library libcusolver.so.10.0
2020-10-16 10:30:05.485149: I tensorflow/stream_executor/platform/default/dso_loader.cc:44] Successfully opened dynamic library libcusparse.so.10.0
2020-10-16 10:30:05.485166: I tensorflow/stream_executor/platform/default/dso_loader.cc:44] Successfully opened dynamic library libcudnn.so.7
2020-10-16 10:30:05.488441: I tensorflow/core/common_runtime/gpu/gpu_device.cc:1746] Adding visible gpu devices: 0, 1
2020-10-16 10:30:05.488523: I tensorflow/core/common_runtime/gpu/gpu_device.cc:1159] Device interconnect StreamExecutor with strength 1 edge matrix:
2020-10-16 10:30:05.488534: I tensorflow/core/common_runtime/gpu/gpu_device.cc:1165]      0 1 
2020-10-16 10:30:05.488540: I tensorflow/core/common_runtime/gpu/gpu_device.cc:1178] 0:   N Y 
2020-10-16 10:30:05.488544: I tensorflow/core/common_runtime/gpu/gpu_device.cc:1178] 1:   Y N 
2020-10-16 10:30:05.490623: I tensorflow/core/common_runtime/gpu/gpu_device.cc:1304] Created TensorFlow device (/job:localhost/replica:0/task:0/device:GPU:0 with 23067 MB memory) -> physical GPU (device: 0, name: Quadro P6000, pci bus id: 0000:03:00.0, compute capability: 6.1)
2020-10-16 10:30:05.491882: I tensorflow/core/common_runtime/gpu/gpu_device.cc:1304] Created TensorFlow device (/job:localhost/replica:0/task:0/device:GPU:1 with 22878 MB memory) -> physical GPU (device: 1, name: Quadro P6000, pci bus id: 0000:04:00.0, compute capability: 6.1)
